<?xml version="1.0" encoding="UTF-8"?>
<testng-results skipped="0" failed="1" total="1" passed="0">
  <reporter-output>
  </reporter-output>
  <suite name="Default suite" duration-ms="17437" started-at="2018-09-07T20:38:52Z" finished-at="2018-09-07T20:39:10Z">
    <groups>
    </groups>
    <test name="Default test" duration-ms="17437" started-at="2018-09-07T20:38:52Z" finished-at="2018-09-07T20:39:10Z">
      <class name="com.tests.OrderManagement">
        <test-method status="PASS" signature="setup(java.lang.String)[pri:0, instance:com.tests.OrderManagement@6500df86]" name="setup" is-config="true" duration-ms="5475" started-at="2018-09-07T16:38:52Z" finished-at="2018-09-07T16:38:58Z">
          <params>
            <param index="0">
              <value>
                <![CDATA[browser]]>
              </value>
            </param>
          </params>
          <reporter-output>
          </reporter-output>
        </test-method> <!-- setup -->
        <test-method status="FAIL" signature="omStatusVerify()[pri:0, instance:com.tests.OrderManagement@6500df86]" name="omStatusVerify" duration-ms="11842" started-at="2018-09-07T16:38:58Z" finished-at="2018-09-07T16:39:10Z">
          <exception class="java.util.EmptyStackException">
            <full-stacktrace>
              <![CDATA[java.util.EmptyStackException
	at test.utilities.Actions.clickElement(Actions.java:20)
	at com.pages.OMMyOrderPage.verifyOMMyOrderPage(OMMyOrderPage.java:16)
	at com.tests.OrderManagement.omStatusVerify(OrderManagement.java:38)
	at sun.reflect.NativeMethodAccessorImpl.invoke0(Native Method)
	at sun.reflect.NativeMethodAccessorImpl.invoke(NativeMethodAccessorImpl.java:62)
	at sun.reflect.DelegatingMethodAccessorImpl.invoke(DelegatingMethodAccessorImpl.java:43)
	at java.lang.reflect.Method.invoke(Method.java:498)
	at org.testng.internal.MethodInvocationHelper.invokeMethod(MethodInvocationHelper.java:85)
	at org.testng.internal.Invoker.invokeMethod(Invoker.java:639)
	at org.testng.internal.Invoker.invokeTestMethod(Invoker.java:816)
	at org.testng.internal.Invoker.invokeTestMethods(Invoker.java:1124)
	at org.testng.internal.TestMethodWorker.invokeTestMethods(TestMethodWorker.java:125)
	at org.testng.internal.TestMethodWorker.run(TestMethodWorker.java:108)
	at org.testng.TestRunner.privateRun(TestRunner.java:774)
	at org.testng.TestRunner.run(TestRunner.java:624)
	at org.testng.SuiteRunner.runTest(SuiteRunner.java:359)
	at org.testng.SuiteRunner.runSequentially(SuiteRunner.java:354)
	at org.testng.SuiteRunner.privateRun(SuiteRunner.java:312)
	at org.testng.SuiteRunner.run(SuiteRunner.java:261)
	at org.testng.SuiteRunnerWorker.runSuite(SuiteRunnerWorker.java:52)
	at org.testng.SuiteRunnerWorker.run(SuiteRunnerWorker.java:86)
	at org.testng.TestNG.runSuitesSequentially(TestNG.java:1191)
	at org.testng.TestNG.runSuitesLocally(TestNG.java:1116)
	at org.testng.TestNG.run(TestNG.java:1024)
	at org.testng.remote.AbstractRemoteTestNG.run(AbstractRemoteTestNG.java:114)
	at org.testng.remote.RemoteTestNG.initAndRun(RemoteTestNG.java:251)
	at org.testng.remote.RemoteTestNG.main(RemoteTestNG.java:77)
]]>
            </full-stacktrace>
          </exception> <!-- java.util.EmptyStackException -->
          <reporter-output>
          </reporter-output>
        </test-method> <!-- omStatusVerify -->
        <test-method status="PASS" signature="teardown()[pri:0, instance:com.tests.OrderManagement@6500df86]" name="teardown" is-config="true" duration-ms="104" started-at="2018-09-07T16:39:10Z" finished-at="2018-09-07T16:39:10Z">
          <reporter-output>
          </reporter-output>
        </test-method> <!-- teardown -->
      </class> <!-- com.tests.OrderManagement -->
    </test> <!-- Default test -->
  </suite> <!-- Default suite -->
</testng-results>
